<?xml version="1.0" encoding="UTF-8"?>
<!-- Generated by org.testng.reporters.JUnitXMLReporter -->
<testsuite ignored="0" hostname="LAPTOP-B2VDAEHV" failures="0" tests="6" name="LoginTest" time="19.251" errors="0" timestamp="2024-02-29T01:49:48 IST">
  <testcase classname="prashant_sauce_demo_automation_tests.CheckoutStepOneTest" name="verifyErrorforFirstName" time="0.361"/>
  <testcase classname="prashant_sauce_demo_automation_tests.CheckoutStepOneTest" name="verifyErrorforLastName" time="0.274"/>
  <testcase classname="prashant_sauce_demo_automation_tests.CheckoutStepOneTest" name="verifyErrorforPostalCode" time="0.275"/>
  <testcase classname="prashant_sauce_demo_automation_tests.CheckoutStepOneTest" name="verifyNavigationtoCheckoutpageTwo" time="0.342"/>
  <testcase classname="prashant_sauce_demo_automation_tests.CheckoutStepTwoTest" name="testItemTotalBeforeTaxIsSumOfIndividualItems" time="0.049"/>
  <testcase classname="prashant_sauce_demo_automation_tests.CheckoutStepTwoTest" name="testScrollToFinishButton" time="0.064"/>
</testsuite> <!-- LoginTest -->
