<?xml version="1.0" encoding="UTF-8"?>
<!-- Generated by org.testng.reporters.JUnitXMLReporter -->
<testsuite ignored="0" hostname="LAPTOP-B2VDAEHV" failures="0" tests="8" name="LoginTest" time="37.807" errors="0" timestamp="2024-02-28T02:24:34 IST">
  <testcase classname="prashant_sauce_demo_automation_tests.LoginTest" name="invalidLoginTest" time="1.679"/>
  <testcase classname="prashant_sauce_demo_automation_tests.LoginTest" name="lockedUserLoginTest" time="0.628"/>
  <testcase classname="prashant_sauce_demo_automation_tests.LoginTest" name="validLoginTest" time="0.652"/>
  <testcase classname="prashant_sauce_demo_automation_tests.InventoryTest" name="addToCart" time="0.749"/>
  <testcase classname="prashant_sauce_demo_automation_tests.InventoryTest" name="verifyInventoryCount" time="0.041"/>
  <testcase classname="prashant_sauce_demo_automation_tests.InventoryTest" name="sortByPrice" time="0.216"/>
  <testcase classname="prashant_sauce_demo_automation_tests.InventoryTest" name="verifyInventorySortingByPrice" time="0.23"/>
  <testcase classname="prashant_sauce_demo_automation_tests.CartTest" name="verifyItemsAddedToCart" time="0.961"/>
</testsuite> <!-- LoginTest -->
