<?xml version="1.0" encoding="UTF-8"?>
<testng-results ignored="0" total="6" passed="6" failed="0" skipped="0">
  <reporter-output>
  </reporter-output>
  <suite started-at="2024-02-29T01:49:28 IST" name="LoginTestSuite" finished-at="2024-02-29T01:49:48 IST" duration-ms="19251">
    <groups>
    </groups>
    <test started-at="2024-02-29T01:49:28 IST" name="LoginTest" finished-at="2024-02-29T01:49:48 IST" duration-ms="19251">
      <class name="prashant_sauce_demo_automation_tests.CheckoutStepTwoTest">
        <test-method is-config="true" signature="setUp()[pri:0, instance:prashant_sauce_demo_automation_tests.CheckoutStepTwoTest@f78a47e]" started-at="2024-02-29T01:49:42 IST" name="setUp" finished-at="2024-02-29T01:49:47 IST" duration-ms="5046" status="PASS">
          <reporter-output>
          </reporter-output>
        </test-method> <!-- setUp -->
        <test-method signature="testItemTotalBeforeTaxIsSumOfIndividualItems()[pri:0, instance:prashant_sauce_demo_automation_tests.CheckoutStepTwoTest@f78a47e]" started-at="2024-02-29T01:49:47 IST" name="testItemTotalBeforeTaxIsSumOfIndividualItems" finished-at="2024-02-29T01:49:47 IST" duration-ms="49" status="PASS">
          <reporter-output>
          </reporter-output>
        </test-method> <!-- testItemTotalBeforeTaxIsSumOfIndividualItems -->
        <test-method signature="testScrollToFinishButton()[pri:0, instance:prashant_sauce_demo_automation_tests.CheckoutStepTwoTest@f78a47e]" started-at="2024-02-29T01:49:47 IST" name="testScrollToFinishButton" finished-at="2024-02-29T01:49:47 IST" duration-ms="64" status="PASS">
          <reporter-output>
          </reporter-output>
        </test-method> <!-- testScrollToFinishButton -->
        <test-method is-config="true" signature="tearDown()[pri:0, instance:prashant_sauce_demo_automation_tests.CheckoutStepTwoTest@f78a47e]" started-at="2024-02-29T01:49:47 IST" name="tearDown" finished-at="2024-02-29T01:49:48 IST" duration-ms="832" status="PASS">
          <reporter-output>
          </reporter-output>
        </test-method> <!-- tearDown -->
      </class> <!-- prashant_sauce_demo_automation_tests.CheckoutStepTwoTest -->
      <class name="prashant_sauce_demo_automation_tests.CheckoutStepOneTest">
        <test-method is-config="true" signature="setUp()[pri:0, instance:prashant_sauce_demo_automation_tests.CheckoutStepOneTest@2e385cce]" started-at="2024-02-29T01:49:29 IST" name="setUp" finished-at="2024-02-29T01:49:33 IST" duration-ms="4095" status="PASS">
          <reporter-output>
          </reporter-output>
        </test-method> <!-- setUp -->
        <test-method is-config="true" signature="navigateToCheckoutPage()[pri:0, instance:prashant_sauce_demo_automation_tests.CheckoutStepOneTest@2e385cce]" started-at="2024-02-29T01:49:33 IST" name="navigateToCheckoutPage" finished-at="2024-02-29T01:49:37 IST" duration-ms="3957" status="PASS">
          <reporter-output>
          </reporter-output>
        </test-method> <!-- navigateToCheckoutPage -->
        <test-method signature="verifyErrorforFirstName()[pri:0, instance:prashant_sauce_demo_automation_tests.CheckoutStepOneTest@2e385cce]" started-at="2024-02-29T01:49:37 IST" name="verifyErrorforFirstName" finished-at="2024-02-29T01:49:37 IST" duration-ms="361" status="PASS">
          <reporter-output>
          </reporter-output>
        </test-method> <!-- verifyErrorforFirstName -->
        <test-method is-config="true" signature="navigateToCheckoutPage()[pri:0, instance:prashant_sauce_demo_automation_tests.CheckoutStepOneTest@2e385cce]" started-at="2024-02-29T01:49:37 IST" name="navigateToCheckoutPage" finished-at="2024-02-29T01:49:38 IST" duration-ms="1010" status="PASS">
          <reporter-output>
          </reporter-output>
        </test-method> <!-- navigateToCheckoutPage -->
        <test-method signature="verifyErrorforLastName()[pri:0, instance:prashant_sauce_demo_automation_tests.CheckoutStepOneTest@2e385cce]" started-at="2024-02-29T01:49:38 IST" name="verifyErrorforLastName" finished-at="2024-02-29T01:49:38 IST" duration-ms="274" status="PASS">
          <reporter-output>
          </reporter-output>
        </test-method> <!-- verifyErrorforLastName -->
        <test-method is-config="true" signature="navigateToCheckoutPage()[pri:0, instance:prashant_sauce_demo_automation_tests.CheckoutStepOneTest@2e385cce]" started-at="2024-02-29T01:49:38 IST" name="navigateToCheckoutPage" finished-at="2024-02-29T01:49:39 IST" duration-ms="947" status="PASS">
          <reporter-output>
          </reporter-output>
        </test-method> <!-- navigateToCheckoutPage -->
        <test-method signature="verifyErrorforPostalCode()[pri:0, instance:prashant_sauce_demo_automation_tests.CheckoutStepOneTest@2e385cce]" started-at="2024-02-29T01:49:39 IST" name="verifyErrorforPostalCode" finished-at="2024-02-29T01:49:40 IST" duration-ms="275" status="PASS">
          <reporter-output>
          </reporter-output>
        </test-method> <!-- verifyErrorforPostalCode -->
        <test-method is-config="true" signature="navigateToCheckoutPage()[pri:0, instance:prashant_sauce_demo_automation_tests.CheckoutStepOneTest@2e385cce]" started-at="2024-02-29T01:49:40 IST" name="navigateToCheckoutPage" finished-at="2024-02-29T01:49:40 IST" duration-ms="892" status="PASS">
          <reporter-output>
          </reporter-output>
        </test-method> <!-- navigateToCheckoutPage -->
        <test-method signature="verifyNavigationtoCheckoutpageTwo()[pri:1, instance:prashant_sauce_demo_automation_tests.CheckoutStepOneTest@2e385cce]" started-at="2024-02-29T01:49:40 IST" name="verifyNavigationtoCheckoutpageTwo" finished-at="2024-02-29T01:49:41 IST" duration-ms="342" status="PASS">
          <reporter-output>
          </reporter-output>
        </test-method> <!-- verifyNavigationtoCheckoutpageTwo -->
        <test-method is-config="true" signature="tearDown()[pri:0, instance:prashant_sauce_demo_automation_tests.CheckoutStepOneTest@2e385cce]" started-at="2024-02-29T01:49:41 IST" name="tearDown" finished-at="2024-02-29T01:49:42 IST" duration-ms="796" status="PASS">
          <reporter-output>
          </reporter-output>
        </test-method> <!-- tearDown -->
      </class> <!-- prashant_sauce_demo_automation_tests.CheckoutStepOneTest -->
    </test> <!-- LoginTest -->
  </suite> <!-- LoginTestSuite -->
</testng-results>
